Arguments: 
  /Users/septs/.nvm/versions/node/v14.4.0/bin/node /Users/septs/.nvm/versions/node/v14.4.0/bin/yarn

PATH: 
  /Users/septs/.local/bin:/Users/septs/.gem/ruby/2.6.0/bin:/usr/local/bin:/usr/local/sbin:/usr/local/opt/ruby/bin:/usr/local/lib/ruby/gems/2.6.0/bin:/Users/septs/.gvm/pkgsets/go1.13.6/global/bin:/Users/septs/.gvm/gos/go1.13.6/bin:/Users/septs/.gvm/bin:/Users/septs/.nvm/versions/node/v14.4.0/bin:/usr/bin:/bin:/usr/sbin:/sbin:/Applications/Wireshark.app/Contents/MacOS

Yarn version: 
  1.22.4

Node version: 
  14.4.0

Platform: 
  darwin x64

Trace: 
  Error: connect ECONNREFUSED 151.101.228.133:443
      at TCPConnectWrap.afterConnect [as oncomplete] (net.js:1141:16)

npm manifest: 
  {
    "name": "arweave",
    "version": "1.8.0",
    "description": "Arweave JS client library",
    "main": "index.js",
    "files": [
      "node",
      "web",
      "bundles"
    ],
    "scripts": {
      "compile:node": "tsc --declaration -project tsconfig.node.json",
      "compile:web": "tsc --declaration -project tsconfig.web.json",
      "bundle:web": "npx webpack --config-name web",
      "bundle:web-prod": "npx webpack --config-name web-prod",
      "profile:web": "npx webpack --config-name web --json > ./web.profile.json && npx webpack-bundle-analyzer ./web.profile.json",
      "package": "mkdirp node web && cp-cli dist/node/common/ dist/node/node/ && cp-cli dist/node/node/ node && cp-cli dist/web/common/ dist/web/web/ && cp-cli dist/web/web/ web && npm run clean:dist",
      "build": "npm run compile:node && npm run compile:web && npm run package && npm run bundle:web && npm run bundle:web-prod",
      "clean:dist": "rimraf dist",
      "clean:package": "rimraf node web",
      "clean:bundle": "rimraf bundles",
      "clean": "npm run clean:dist && npm run clean:package && npm  run clean:bundle",
      "prepare": "npm run clean && npm run build",
      "test": "mocha --require ts-node/register test/*.ts",
      "test:web": "npm run bundle:web && npx webpack --config-name web-tests && open test/web/web.html",
      "prettier:check": "prettier --check 'src/**/*.ts' 'test/**/*.ts'",
      "prettier:write": "prettier --write 'src/**/*.ts' 'test/**/*.ts'"
    },
    "repository": {
      "type": "git",
      "url": "git+https://github.com/ArweaveTeam/arweave-js.git"
    },
    "keywords": [
      "arweave",
      "js",
      "blockchain",
      "crypto",
      "data",
      "permanence",
      "http"
    ],
    "author": "Kyle Beckles",
    "license": "GPL-2.0",
    "bugs": {
      "url": "https://github.com/ArweaveTeam/arweave-js/issues"
    },
    "homepage": "https://github.com/ArweaveTeam/arweave-js#readme",
    "devDependencies": {
      "@types/base64-js": "^1.2.5",
      "@types/chai": "^4.1.7",
      "@types/mocha": "^5.2.6",
      "@types/node": "^10.14.7",
      "babel-minify-webpack-plugin": "^0.3.1",
      "chai": "^4.2.0",
      "cp-cli": "^2.0.0",
      "mkdirp": "^0.5.1",
      "mocha": "^5.2.0",
      "prettier": "1.16.4",
      "rimraf": "^3.0.0",
      "ts-loader": "^5.4.5",
      "ts-node": "^7.0.1",
      "typescript": "^3.4.5",
      "webpack": "^4.32.1",
      "webpack-bundle-analyzer": "^3.3.2",
      "webpack-cli": "^3.3.11"
    },
    "targets": {
      "chrome": "70",
      "node": "8.11"
    },
    "dependencies": {
      "arweave-asn1": "github:arweave-kyle/asn1.js",
      "axios": "^0.18.0",
      "base64-js": "^1.3.0",
      "bignumber.js": "^8.1.1"
    }
  }

yarn manifest: 
  No manifest

Lockfile: 
  No lockfile
